2015/08/12 17:15:02 [error] [exception.CHttpException.404] exception 'CHttpException' with message 'No es posible resolver la solicitud "OrdenesComentarios"' in /var/server/www/sysnetic/yiicore/framework/web/CWebApplication.php:286
Stack trace:
#0 /var/server/www/sysnetic/yiicore/framework/web/CWebApplication.php(141): CWebApplication->runController('OrdenesComentar...')
#1 /var/server/www/sysnetic/yiicore/framework/base/CApplication.php(169): CWebApplication->processRequest()
#2 /var/server/www/sysnetic/supromocion-cotizaciones-backend/index.php(13): CApplication->run()
#3 {main}
REQUEST_URI=/OrdenesComentarios
---
2015/08/12 17:15:17 [error] [exception.CHttpException.404] exception 'CHttpException' with message 'No es posible resolver la solicitud "ordenescomentarios"' in /var/server/www/sysnetic/yiicore/framework/web/CWebApplication.php:286
Stack trace:
#0 /var/server/www/sysnetic/yiicore/framework/web/CWebApplication.php(141): CWebApplication->runController('ordenescomentar...')
#1 /var/server/www/sysnetic/yiicore/framework/base/CApplication.php(169): CWebApplication->processRequest()
#2 /var/server/www/sysnetic/supromocion-cotizaciones-backend/index.php(13): CApplication->run()
#3 {main}
REQUEST_URI=/ordenescomentarios
---
2015/08/12 17:29:29 [error] [exception.CHttpException.404] exception 'CHttpException' with message 'No es posible resolver la solicitud "ordenescomentarios"' in /var/server/www/sysnetic/yiicore/framework/web/CWebApplication.php:286
Stack trace:
#0 /var/server/www/sysnetic/yiicore/framework/web/CWebApplication.php(141): CWebApplication->runController('ordenescomentar...')
#1 /var/server/www/sysnetic/yiicore/framework/base/CApplication.php(169): CWebApplication->processRequest()
#2 /var/server/www/sysnetic/supromocion-cotizaciones-backend/index.php(13): CApplication->run()
#3 {main}
REQUEST_URI=/ordenescomentarios
---
2015/08/12 17:30:00 [error] [exception.CException] exception 'CException' with message 'OrdenescomentariosController no ha podido encontrar la vista "index" solicitada.' in /var/server/www/sysnetic/yiicore/framework/web/CController.php:878
Stack trace:
#0 /var/server/www/sysnetic/yiicore/framework/web/CController.php(782): CController->renderPartial('index', Array, true)
#1 /var/server/www/sysnetic/supromocion-cotizaciones-backend/protected/controllers/OrdenescomentariosController.php(128): CController->render('index', Array)
#2 /var/server/www/sysnetic/yiicore/framework/web/actions/CInlineAction.php(49): OrdenescomentariosController->actionIndex()
#3 /var/server/www/sysnetic/yiicore/framework/web/CController.php(308): CInlineAction->runWithParams(Array)
#4 /var/server/www/sysnetic/yiicore/framework/web/filters/CFilterChain.php(133): CController->runAction(Object(CInlineAction))
#5 /var/server/www/sysnetic/yiicore/framework/web/filters/CFilter.php(40): CFilterChain->run()
#6 /var/server/www/sysnetic/yiicore/framework/web/CController.php(1145): CFilter->filter(Object(CFilterChain))
#7 /var/server/www/sysnetic/yiicore/framework/web/filters/CInlineFilter.php(58): CController->filterAccessControl(Object(CFilterChain))
#8 /var/server/www/sysnetic/yiicore/framework/web/filters/CFilterChain.php(130): CInlineFilter->filter(Object(CFilterChain))
#9 /var/server/www/sysnetic/yiicore/framework/web/CController.php(291): CFilterChain->run()
#10 /var/server/www/sysnetic/yiicore/framework/web/CController.php(265): CController->runActionWithFilters(Object(CInlineAction), Array)
#11 /var/server/www/sysnetic/yiicore/framework/web/CWebApplication.php(282): CController->run('')
#12 /var/server/www/sysnetic/yiicore/framework/web/CWebApplication.php(141): CWebApplication->runController('ordenescomentar...')
#13 /var/server/www/sysnetic/yiicore/framework/base/CApplication.php(169): CWebApplication->processRequest()
#14 /var/server/www/sysnetic/supromocion-cotizaciones-backend/index.php(13): CApplication->run()
#15 {main}
REQUEST_URI=/ordenescomentarios
---
2015/08/12 17:30:44 [error] [exception.CException] exception 'CException' with message 'OrdenescomentariosController no ha podido encontrar la vista "index" solicitada.' in /var/server/www/sysnetic/yiicore/framework/web/CController.php:878
Stack trace:
#0 /var/server/www/sysnetic/yiicore/framework/web/CController.php(782): CController->renderPartial('index', Array, true)
#1 /var/server/www/sysnetic/supromocion-cotizaciones-backend/protected/controllers/OrdenescomentariosController.php(128): CController->render('index', Array)
#2 /var/server/www/sysnetic/yiicore/framework/web/actions/CInlineAction.php(49): OrdenescomentariosController->actionIndex()
#3 /var/server/www/sysnetic/yiicore/framework/web/CController.php(308): CInlineAction->runWithParams(Array)
#4 /var/server/www/sysnetic/yiicore/framework/web/filters/CFilterChain.php(133): CController->runAction(Object(CInlineAction))
#5 /var/server/www/sysnetic/yiicore/framework/web/filters/CFilter.php(40): CFilterChain->run()
#6 /var/server/www/sysnetic/yiicore/framework/web/CController.php(1145): CFilter->filter(Object(CFilterChain))
#7 /var/server/www/sysnetic/yiicore/framework/web/filters/CInlineFilter.php(58): CController->filterAccessControl(Object(CFilterChain))
#8 /var/server/www/sysnetic/yiicore/framework/web/filters/CFilterChain.php(130): CInlineFilter->filter(Object(CFilterChain))
#9 /var/server/www/sysnetic/yiicore/framework/web/CController.php(291): CFilterChain->run()
#10 /var/server/www/sysnetic/yiicore/framework/web/CController.php(265): CController->runActionWithFilters(Object(CInlineAction), Array)
#11 /var/server/www/sysnetic/yiicore/framework/web/CWebApplication.php(282): CController->run('')
#12 /var/server/www/sysnetic/yiicore/framework/web/CWebApplication.php(141): CWebApplication->runController('ordenescomentar...')
#13 /var/server/www/sysnetic/yiicore/framework/base/CApplication.php(169): CWebApplication->processRequest()
#14 /var/server/www/sysnetic/supromocion-cotizaciones-backend/index.php(13): CApplication->run()
#15 {main}
REQUEST_URI=/ordenescomentarios
---
2015/08/12 17:32:29 [error] [exception.CException] exception 'CException' with message 'Propiedad "OrdenescomentariosController"."paginamenutabstop" no se encuentra definida.' in /var/server/www/sysnetic/yiicore/framework/base/CComponent.php:130
Stack trace:
#0 /var/server/www/sysnetic/supromocion-cotizaciones-backend/protected/views/layouts/main.php(38): CComponent->__get('paginamenutabst...')
#1 /var/server/www/sysnetic/yiicore/framework/web/CBaseController.php(126): require('/var/server/www...')
#2 /var/server/www/sysnetic/yiicore/framework/web/CBaseController.php(95): CBaseController->renderInternal('/var/server/www...', Array, true)
#3 /var/server/www/sysnetic/yiicore/framework/web/widgets/CContentDecorator.php(76): CBaseController->renderFile('/var/server/www...', Array, true)
#4 /var/server/www/sysnetic/yiicore/framework/web/widgets/CContentDecorator.php(54): CContentDecorator->decorate('<div class="spa...')
#5 /var/server/www/sysnetic/yiicore/framework/web/widgets/COutputProcessor.php(44): CContentDecorator->processOutput('<div class="spa...')
#6 /var/server/www/sysnetic/yiicore/framework/web/CBaseController.php(206): COutputProcessor->run()
#7 /var/server/www/sysnetic/yiicore/framework/web/CBaseController.php(300): CBaseController->endWidget('CContentDecorat...')
#8 /var/server/www/sysnetic/supromocion-cotizaciones-backend/protected/views/layouts/column2.php(22): CBaseController->endContent()
#9 /var/server/www/sysnetic/yiicore/framework/web/CBaseController.php(126): require('/var/server/www...')
#10 /var/server/www/sysnetic/yiicore/framework/web/CBaseController.php(95): CBaseController->renderInternal('/var/server/www...', Array, true)
#11 /var/server/www/sysnetic/yiicore/framework/web/CController.php(784): CBaseController->renderFile('/var/server/www...', Array, true)
#12 /var/server/www/sysnetic/supromocion-cotizaciones-backend/protected/controllers/OrdenescomentariosController.php(128): CController->render('index', Array)
#13 /var/server/www/sysnetic/yiicore/framework/web/actions/CInlineAction.php(49): OrdenescomentariosController->actionIndex()
#14 /var/server/www/sysnetic/yiicore/framework/web/CController.php(308): CInlineAction->runWithParams(Array)
#15 /var/server/www/sysnetic/yiicore/framework/web/filters/CFilterChain.php(133): CController->runAction(Object(CInlineAction))
#16 /var/server/www/sysnetic/yiicore/framework/web/filters/CFilter.php(40): CFilterChain->run()
#17 /var/server/www/sysnetic/yiicore/framework/web/CController.php(1145): CFilter->filter(Object(CFilterChain))
#18 /var/server/www/sysnetic/yiicore/framework/web/filters/CInlineFilter.php(58): CController->filterAccessControl(Object(CFilterChain))
#19 /var/server/www/sysnetic/yiicore/framework/web/filters/CFilterChain.php(130): CInlineFilter->filter(Object(CFilterChain))
#20 /var/server/www/sysnetic/yiicore/framework/web/CController.php(291): CFilterChain->run()
#21 /var/server/www/sysnetic/yiicore/framework/web/CController.php(265): CController->runActionWithFilters(Object(CInlineAction), Array)
#22 /var/server/www/sysnetic/yiicore/framework/web/CWebApplication.php(282): CController->run('')
#23 /var/server/www/sysnetic/yiicore/framework/web/CWebApplication.php(141): CWebApplication->runController('ordenescomentar...')
#24 /var/server/www/sysnetic/yiicore/framework/base/CApplication.php(169): CWebApplication->processRequest()
#25 /var/server/www/sysnetic/supromocion-cotizaciones-backend/index.php(13): CApplication->run()
#26 {main}
REQUEST_URI=/ordenescomentarios
---
2015/08/12 18:12:49 [error] [exception.CHttpException.404] exception 'CHttpException' with message 'No es posible resolver la solicitud "create"' in /var/server/www/sysnetic/yiicore/framework/web/CWebApplication.php:286
Stack trace:
#0 /var/server/www/sysnetic/yiicore/framework/web/CWebApplication.php(141): CWebApplication->runController('create')
#1 /var/server/www/sysnetic/yiicore/framework/base/CApplication.php(169): CWebApplication->processRequest()
#2 /var/server/www/sysnetic/supromocion-cotizaciones-backend/index.php(13): CApplication->run()
#3 {main}
REQUEST_URI=/create
HTTP_REFERER=http://supromocion.sysnetic.local/site/login
---
2015/08/12 18:13:03 [error] [exception.CHttpException.404] exception 'CHttpException' with message 'El sistema no ha podido encontrar la acción "enw" solicitada.' in /var/server/www/sysnetic/yiicore/framework/web/CController.php:483
Stack trace:
#0 /var/server/www/sysnetic/yiicore/framework/web/CController.php(270): CController->missingAction('enw')
#1 /var/server/www/sysnetic/yiicore/framework/web/CWebApplication.php(282): CController->run('enw')
#2 /var/server/www/sysnetic/yiicore/framework/web/CWebApplication.php(141): CWebApplication->runController('ordenescomentar...')
#3 /var/server/www/sysnetic/yiicore/framework/base/CApplication.php(169): CWebApplication->processRequest()
#4 /var/server/www/sysnetic/supromocion-cotizaciones-backend/index.php(13): CApplication->run()
#5 {main}
REQUEST_URI=/ordenescomentarios/enw
---
2015/08/12 18:13:07 [error] [exception.CHttpException.404] exception 'CHttpException' with message 'El sistema no ha podido encontrar la acción "new" solicitada.' in /var/server/www/sysnetic/yiicore/framework/web/CController.php:483
Stack trace:
#0 /var/server/www/sysnetic/yiicore/framework/web/CController.php(270): CController->missingAction('new')
#1 /var/server/www/sysnetic/yiicore/framework/web/CWebApplication.php(282): CController->run('new')
#2 /var/server/www/sysnetic/yiicore/framework/web/CWebApplication.php(141): CWebApplication->runController('ordenescomentar...')
#3 /var/server/www/sysnetic/yiicore/framework/base/CApplication.php(169): CWebApplication->processRequest()
#4 /var/server/www/sysnetic/supromocion-cotizaciones-backend/index.php(13): CApplication->run()
#5 {main}
REQUEST_URI=/ordenescomentarios/new
---
2015/08/12 18:13:13 [error] [exception.CHttpException.400] exception 'CHttpException' with message 'Su solicitud es inválida.' in /var/server/www/sysnetic/yiicore/framework/web/CController.php:336
Stack trace:
#0 /var/server/www/sysnetic/yiicore/framework/web/CController.php(309): CController->invalidActionParams(Object(CInlineAction))
#1 /var/server/www/sysnetic/yiicore/framework/web/filters/CFilterChain.php(133): CController->runAction(Object(CInlineAction))
#2 /var/server/www/sysnetic/yiicore/framework/web/filters/CFilter.php(40): CFilterChain->run()
#3 /var/server/www/sysnetic/yiicore/framework/web/CController.php(1145): CFilter->filter(Object(CFilterChain))
#4 /var/server/www/sysnetic/yiicore/framework/web/filters/CInlineFilter.php(58): CController->filterAccessControl(Object(CFilterChain))
#5 /var/server/www/sysnetic/yiicore/framework/web/filters/CFilterChain.php(130): CInlineFilter->filter(Object(CFilterChain))
#6 /var/server/www/sysnetic/yiicore/framework/web/CController.php(291): CFilterChain->run()
#7 /var/server/www/sysnetic/yiicore/framework/web/CController.php(265): CController->runActionWithFilters(Object(CInlineAction), Array)
#8 /var/server/www/sysnetic/yiicore/framework/web/CWebApplication.php(282): CController->run('create')
#9 /var/server/www/sysnetic/yiicore/framework/web/CWebApplication.php(141): CWebApplication->runController('ordenescomentar...')
#10 /var/server/www/sysnetic/yiicore/framework/base/CApplication.php(169): CWebApplication->processRequest()
#11 /var/server/www/sysnetic/supromocion-cotizaciones-backend/index.php(13): CApplication->run()
#12 {main}
REQUEST_URI=/ordenescomentarios/create
---
2015/08/12 18:21:02 [error] [exception.CHttpException.403] exception 'CHttpException' with message 'Usted no se encuentra autorizado a realizar esta acción.' in /var/server/www/sysnetic/yiicore/framework/web/auth/CAccessControlFilter.php:182
Stack trace:
#0 /var/server/www/sysnetic/yiicore/framework/web/auth/CAccessControlFilter.php(145): CAccessControlFilter->accessDenied(Object(WebUser), 'Usted no se enc...')
#1 /var/server/www/sysnetic/yiicore/framework/web/filters/CFilter.php(38): CAccessControlFilter->preFilter(Object(CFilterChain))
#2 /var/server/www/sysnetic/yiicore/framework/web/CController.php(1145): CFilter->filter(Object(CFilterChain))
#3 /var/server/www/sysnetic/yiicore/framework/web/filters/CInlineFilter.php(58): CController->filterAccessControl(Object(CFilterChain))
#4 /var/server/www/sysnetic/yiicore/framework/web/filters/CFilterChain.php(130): CInlineFilter->filter(Object(CFilterChain))
#5 /var/server/www/sysnetic/yiicore/framework/web/CController.php(291): CFilterChain->run()
#6 /var/server/www/sysnetic/yiicore/framework/web/CController.php(265): CController->runActionWithFilters(Object(CInlineAction), Array)
#7 /var/server/www/sysnetic/yiicore/framework/web/CWebApplication.php(282): CController->run('admin')
#8 /var/server/www/sysnetic/yiicore/framework/web/CWebApplication.php(141): CWebApplication->runController('ordenescomentar...')
#9 /var/server/www/sysnetic/yiicore/framework/base/CApplication.php(184): CWebApplication->processRequest()
#10 /var/server/www/sysnetic/supromocion-cotizaciones-backend/index.php(13): CApplication->run()
#11 {main}
REQUEST_URI=/ordenescomentarios/admin
---
2015/08/12 18:21:06 [error] [exception.CHttpException.403] exception 'CHttpException' with message 'Usted no se encuentra autorizado a realizar esta acción.' in /var/server/www/sysnetic/yiicore/framework/web/auth/CAccessControlFilter.php:182
Stack trace:
#0 /var/server/www/sysnetic/yiicore/framework/web/auth/CAccessControlFilter.php(145): CAccessControlFilter->accessDenied(Object(WebUser), 'Usted no se enc...')
#1 /var/server/www/sysnetic/yiicore/framework/web/filters/CFilter.php(38): CAccessControlFilter->preFilter(Object(CFilterChain))
#2 /var/server/www/sysnetic/yiicore/framework/web/CController.php(1145): CFilter->filter(Object(CFilterChain))
#3 /var/server/www/sysnetic/yiicore/framework/web/filters/CInlineFilter.php(58): CController->filterAccessControl(Object(CFilterChain))
#4 /var/server/www/sysnetic/yiicore/framework/web/filters/CFilterChain.php(130): CInlineFilter->filter(Object(CFilterChain))
#5 /var/server/www/sysnetic/yiicore/framework/web/CController.php(291): CFilterChain->run()
#6 /var/server/www/sysnetic/yiicore/framework/web/CController.php(265): CController->runActionWithFilters(Object(CInlineAction), Array)
#7 /var/server/www/sysnetic/yiicore/framework/web/CWebApplication.php(282): CController->run('admin')
#8 /var/server/www/sysnetic/yiicore/framework/web/CWebApplication.php(141): CWebApplication->runController('ordenescomentar...')
#9 /var/server/www/sysnetic/yiicore/framework/base/CApplication.php(184): CWebApplication->processRequest()
#10 /var/server/www/sysnetic/supromocion-cotizaciones-backend/index.php(13): CApplication->run()
#11 {main}
REQUEST_URI=/ordenescomentarios/admin/1
---
2015/08/12 18:36:52 [error] [exception.CHttpException.403] exception 'CHttpException' with message 'Usted no se encuentra autorizado a realizar esta acción.' in /var/server/www/sysnetic/yiicore/framework/web/auth/CAccessControlFilter.php:182
Stack trace:
#0 /var/server/www/sysnetic/yiicore/framework/web/auth/CAccessControlFilter.php(145): CAccessControlFilter->accessDenied(Object(WebUser), 'Usted no se enc...')
#1 /var/server/www/sysnetic/yiicore/framework/web/filters/CFilter.php(38): CAccessControlFilter->preFilter(Object(CFilterChain))
#2 /var/server/www/sysnetic/yiicore/framework/web/CController.php(1145): CFilter->filter(Object(CFilterChain))
#3 /var/server/www/sysnetic/yiicore/framework/web/filters/CInlineFilter.php(58): CController->filterAccessControl(Object(CFilterChain))
#4 /var/server/www/sysnetic/yiicore/framework/web/filters/CFilterChain.php(130): CInlineFilter->filter(Object(CFilterChain))
#5 /var/server/www/sysnetic/yiicore/framework/web/CController.php(291): CFilterChain->run()
#6 /var/server/www/sysnetic/yiicore/framework/web/CController.php(265): CController->runActionWithFilters(Object(CInlineAction), Array)
#7 /var/server/www/sysnetic/yiicore/framework/web/CWebApplication.php(282): CController->run('delete')
#8 /var/server/www/sysnetic/yiicore/framework/web/CWebApplication.php(141): CWebApplication->runController('ordenescomentar...')
#9 /var/server/www/sysnetic/yiicore/framework/base/CApplication.php(184): CWebApplication->processRequest()
#10 /var/server/www/sysnetic/supromocion-cotizaciones-backend/index.php(13): CApplication->run()
#11 {main}
REQUEST_URI=/ordenescomentarios/delete/3?ajax=ordenes-comentarios-grid
HTTP_REFERER=http://supromocion.sysnetic.local/ordenescomentarios/admin/11
---
2015/08/12 18:51:16 [error] [exception.CException] exception 'CException' with message 'La propiedad "OrdenesComentarios"."nro_presupuesto" no se encuentra definida.' in /var/server/www/sysnetic/yiicore/framework/base/CComponent.php:130
Stack trace:
#0 /var/server/www/sysnetic/yiicore/framework/db/ar/CActiveRecord.php(145): CComponent->__get('nro_presupuesto')
#1 /var/server/www/sysnetic/supromocion-cotizaciones-backend/protected/views/ordenescomentarios/admin.php(6): CActiveRecord->__get('nro_presupuesto')
#2 /var/server/www/sysnetic/yiicore/framework/web/CBaseController.php(126): require('/var/server/www...')
#3 /var/server/www/sysnetic/yiicore/framework/web/CBaseController.php(95): CBaseController->renderInternal('/var/server/www...', Array, true)
#4 /var/server/www/sysnetic/yiicore/framework/web/CController.php(869): CBaseController->renderFile('/var/server/www...', Array, true)
#5 /var/server/www/sysnetic/yiicore/framework/web/CController.php(782): CController->renderPartial('admin', Array, true)
#6 /var/server/www/sysnetic/supromocion-cotizaciones-backend/protected/controllers/OrdenescomentariosController.php(153): CController->render('admin', Array)
#7 [internal function]: OrdenescomentariosController->actionAdmin('5')
#8 /var/server/www/sysnetic/yiicore/framework/web/actions/CAction.php(109): ReflectionMethod->invokeArgs(Object(OrdenescomentariosController), Array)
#9 /var/server/www/sysnetic/yiicore/framework/web/actions/CInlineAction.php(47): CAction->runWithParamsInternal(Object(OrdenescomentariosController), Object(ReflectionMethod), Array)
#10 /var/server/www/sysnetic/yiicore/framework/web/CController.php(308): CInlineAction->runWithParams(Array)
#11 /var/server/www/sysnetic/yiicore/framework/web/filters/CFilterChain.php(133): CController->runAction(Object(CInlineAction))
#12 /var/server/www/sysnetic/yiicore/framework/web/filters/CFilter.php(40): CFilterChain->run()
#13 /var/server/www/sysnetic/yiicore/framework/web/CController.php(1145): CFilter->filter(Object(CFilterChain))
#14 /var/server/www/sysnetic/yiicore/framework/web/filters/CInlineFilter.php(58): CController->filterAccessControl(Object(CFilterChain))
#15 /var/server/www/sysnetic/yiicore/framework/web/filters/CFilterChain.php(130): CInlineFilter->filter(Object(CFilterChain))
#16 /var/server/www/sysnetic/yiicore/framework/web/CController.php(291): CFilterChain->run()
#17 /var/server/www/sysnetic/yiicore/framework/web/CController.php(265): CController->runActionWithFilters(Object(CInlineAction), Array)
#18 /var/server/www/sysnetic/yiicore/framework/web/CWebApplication.php(282): CController->run('admin')
#19 /var/server/www/sysnetic/yiicore/framework/web/CWebApplication.php(141): CWebApplication->runController('ordenescomentar...')
#20 /var/server/www/sysnetic/yiicore/framework/base/CApplication.php(184): CWebApplication->processRequest()
#21 /var/server/www/sysnetic/supromocion-cotizaciones-backend/index.php(13): CApplication->run()
#22 {main}
REQUEST_URI=/ordenescomentarios/admin/5
HTTP_REFERER=http://supromocion.sysnetic.local/ordenes/admin
---
2015/08/12 18:57:45 [error] [php] Trying to get property of non-object (/var/server/www/sysnetic/supromocion-cotizaciones-backend/protected/views/ordenescomentarios/create.php:6)
Stack trace:
#0 /var/server/www/sysnetic/yiicore/framework/web/CController.php(869): OrdenescomentariosController->renderFile()
#1 /var/server/www/sysnetic/yiicore/framework/web/CController.php(782): OrdenescomentariosController->renderPartial()
#2 /var/server/www/sysnetic/supromocion-cotizaciones-backend/protected/controllers/OrdenescomentariosController.php(85): OrdenescomentariosController->render()
#3 unknown(0): OrdenescomentariosController->actionCreate()
#4 /var/server/www/sysnetic/yiicore/framework/web/actions/CAction.php(109): ReflectionMethod->invokeArgs()
#5 /var/server/www/sysnetic/yiicore/framework/web/actions/CInlineAction.php(47): CInlineAction->runWithParamsInternal()
#6 /var/server/www/sysnetic/yiicore/framework/web/CController.php(308): CInlineAction->runWithParams()
#7 /var/server/www/sysnetic/yiicore/framework/web/filters/CFilterChain.php(133): OrdenescomentariosController->runAction()
#8 /var/server/www/sysnetic/yiicore/framework/web/filters/CFilter.php(40): CFilterChain->run()
#9 /var/server/www/sysnetic/yiicore/framework/web/CController.php(1145): CAccessControlFilter->filter()
#10 /var/server/www/sysnetic/yiicore/framework/web/filters/CInlineFilter.php(58): OrdenescomentariosController->filterAccessControl()
#11 /var/server/www/sysnetic/yiicore/framework/web/filters/CFilterChain.php(130): CInlineFilter->filter()
#12 /var/server/www/sysnetic/yiicore/framework/web/CController.php(291): CFilterChain->run()
#13 /var/server/www/sysnetic/yiicore/framework/web/CController.php(265): OrdenescomentariosController->runActionWithFilters()
#14 /var/server/www/sysnetic/yiicore/framework/web/CWebApplication.php(282): OrdenescomentariosController->run()
#15 /var/server/www/sysnetic/yiicore/framework/web/CWebApplication.php(141): CWebApplication->runController()
#16 /var/server/www/sysnetic/yiicore/framework/base/CApplication.php(184): CWebApplication->processRequest()
#17 /var/server/www/sysnetic/supromocion-cotizaciones-backend/index.php(13): CWebApplication->run()
REQUEST_URI=/ordenescomentarios/create/5
in /var/server/www/sysnetic/supromocion-cotizaciones-backend/protected/views/ordenescomentarios/create.php (6)
in /var/server/www/sysnetic/supromocion-cotizaciones-backend/protected/controllers/OrdenescomentariosController.php (85)
in /var/server/www/sysnetic/supromocion-cotizaciones-backend/index.php (13)
2015/08/12 18:57:53 [error] [php] Trying to get property of non-object (/var/server/www/sysnetic/supromocion-cotizaciones-backend/protected/views/ordenescomentarios/create.php:6)
Stack trace:
#0 /var/server/www/sysnetic/yiicore/framework/web/CController.php(869): OrdenescomentariosController->renderFile()
#1 /var/server/www/sysnetic/yiicore/framework/web/CController.php(782): OrdenescomentariosController->renderPartial()
#2 /var/server/www/sysnetic/supromocion-cotizaciones-backend/protected/controllers/OrdenescomentariosController.php(85): OrdenescomentariosController->render()
#3 unknown(0): OrdenescomentariosController->actionCreate()
#4 /var/server/www/sysnetic/yiicore/framework/web/actions/CAction.php(109): ReflectionMethod->invokeArgs()
#5 /var/server/www/sysnetic/yiicore/framework/web/actions/CInlineAction.php(47): CInlineAction->runWithParamsInternal()
#6 /var/server/www/sysnetic/yiicore/framework/web/CController.php(308): CInlineAction->runWithParams()
#7 /var/server/www/sysnetic/yiicore/framework/web/filters/CFilterChain.php(133): OrdenescomentariosController->runAction()
#8 /var/server/www/sysnetic/yiicore/framework/web/filters/CFilter.php(40): CFilterChain->run()
#9 /var/server/www/sysnetic/yiicore/framework/web/CController.php(1145): CAccessControlFilter->filter()
#10 /var/server/www/sysnetic/yiicore/framework/web/filters/CInlineFilter.php(58): OrdenescomentariosController->filterAccessControl()
#11 /var/server/www/sysnetic/yiicore/framework/web/filters/CFilterChain.php(130): CInlineFilter->filter()
#12 /var/server/www/sysnetic/yiicore/framework/web/CController.php(291): CFilterChain->run()
#13 /var/server/www/sysnetic/yiicore/framework/web/CController.php(265): OrdenescomentariosController->runActionWithFilters()
#14 /var/server/www/sysnetic/yiicore/framework/web/CWebApplication.php(282): OrdenescomentariosController->run()
#15 /var/server/www/sysnetic/yiicore/framework/web/CWebApplication.php(141): CWebApplication->runController()
#16 /var/server/www/sysnetic/yiicore/framework/base/CApplication.php(184): CWebApplication->processRequest()
#17 /var/server/www/sysnetic/supromocion-cotizaciones-backend/index.php(13): CWebApplication->run()
REQUEST_URI=/ordenescomentarios/create/5
in /var/server/www/sysnetic/supromocion-cotizaciones-backend/protected/views/ordenescomentarios/create.php (6)
in /var/server/www/sysnetic/supromocion-cotizaciones-backend/protected/controllers/OrdenescomentariosController.php (85)
in /var/server/www/sysnetic/supromocion-cotizaciones-backend/index.php (13)
2015/08/12 18:59:30 [error] [php] Trying to get property of non-object (/var/server/www/sysnetic/supromocion-cotizaciones-backend/protected/views/ordenescomentarios/create.php:6)
Stack trace:
#0 /var/server/www/sysnetic/yiicore/framework/web/CController.php(869): OrdenescomentariosController->renderFile()
#1 /var/server/www/sysnetic/yiicore/framework/web/CController.php(782): OrdenescomentariosController->renderPartial()
#2 /var/server/www/sysnetic/supromocion-cotizaciones-backend/protected/controllers/OrdenescomentariosController.php(85): OrdenescomentariosController->render()
#3 unknown(0): OrdenescomentariosController->actionCreate()
#4 /var/server/www/sysnetic/yiicore/framework/web/actions/CAction.php(109): ReflectionMethod->invokeArgs()
#5 /var/server/www/sysnetic/yiicore/framework/web/actions/CInlineAction.php(47): CInlineAction->runWithParamsInternal()
#6 /var/server/www/sysnetic/yiicore/framework/web/CController.php(308): CInlineAction->runWithParams()
#7 /var/server/www/sysnetic/yiicore/framework/web/filters/CFilterChain.php(133): OrdenescomentariosController->runAction()
#8 /var/server/www/sysnetic/yiicore/framework/web/filters/CFilter.php(40): CFilterChain->run()
#9 /var/server/www/sysnetic/yiicore/framework/web/CController.php(1145): CAccessControlFilter->filter()
#10 /var/server/www/sysnetic/yiicore/framework/web/filters/CInlineFilter.php(58): OrdenescomentariosController->filterAccessControl()
#11 /var/server/www/sysnetic/yiicore/framework/web/filters/CFilterChain.php(130): CInlineFilter->filter()
#12 /var/server/www/sysnetic/yiicore/framework/web/CController.php(291): CFilterChain->run()
#13 /var/server/www/sysnetic/yiicore/framework/web/CController.php(265): OrdenescomentariosController->runActionWithFilters()
#14 /var/server/www/sysnetic/yiicore/framework/web/CWebApplication.php(282): OrdenescomentariosController->run()
#15 /var/server/www/sysnetic/yiicore/framework/web/CWebApplication.php(141): CWebApplication->runController()
#16 /var/server/www/sysnetic/yiicore/framework/base/CApplication.php(184): CWebApplication->processRequest()
#17 /var/server/www/sysnetic/supromocion-cotizaciones-backend/index.php(13): CWebApplication->run()
REQUEST_URI=/ordenescomentarios/create/5
in /var/server/www/sysnetic/supromocion-cotizaciones-backend/protected/views/ordenescomentarios/create.php (6)
in /var/server/www/sysnetic/supromocion-cotizaciones-backend/protected/controllers/OrdenescomentariosController.php (85)
in /var/server/www/sysnetic/supromocion-cotizaciones-backend/index.php (13)
2015/08/12 19:00:43 [error] [php] Undefined variable: orden (/var/server/www/sysnetic/supromocion-cotizaciones-backend/protected/views/ordenescomentarios/create.php:6)
Stack trace:
#0 /var/server/www/sysnetic/yiicore/framework/web/CController.php(869): OrdenescomentariosController->renderFile()
#1 /var/server/www/sysnetic/yiicore/framework/web/CController.php(782): OrdenescomentariosController->renderPartial()
#2 /var/server/www/sysnetic/supromocion-cotizaciones-backend/protected/controllers/OrdenescomentariosController.php(85): OrdenescomentariosController->render()
#3 unknown(0): OrdenescomentariosController->actionCreate()
#4 /var/server/www/sysnetic/yiicore/framework/web/actions/CAction.php(109): ReflectionMethod->invokeArgs()
#5 /var/server/www/sysnetic/yiicore/framework/web/actions/CInlineAction.php(47): CInlineAction->runWithParamsInternal()
#6 /var/server/www/sysnetic/yiicore/framework/web/CController.php(308): CInlineAction->runWithParams()
#7 /var/server/www/sysnetic/yiicore/framework/web/filters/CFilterChain.php(133): OrdenescomentariosController->runAction()
#8 /var/server/www/sysnetic/yiicore/framework/web/filters/CFilter.php(40): CFilterChain->run()
#9 /var/server/www/sysnetic/yiicore/framework/web/CController.php(1145): CAccessControlFilter->filter()
#10 /var/server/www/sysnetic/yiicore/framework/web/filters/CInlineFilter.php(58): OrdenescomentariosController->filterAccessControl()
#11 /var/server/www/sysnetic/yiicore/framework/web/filters/CFilterChain.php(130): CInlineFilter->filter()
#12 /var/server/www/sysnetic/yiicore/framework/web/CController.php(291): CFilterChain->run()
#13 /var/server/www/sysnetic/yiicore/framework/web/CController.php(265): OrdenescomentariosController->runActionWithFilters()
#14 /var/server/www/sysnetic/yiicore/framework/web/CWebApplication.php(282): OrdenescomentariosController->run()
#15 /var/server/www/sysnetic/yiicore/framework/web/CWebApplication.php(141): CWebApplication->runController()
#16 /var/server/www/sysnetic/yiicore/framework/base/CApplication.php(184): CWebApplication->processRequest()
#17 /var/server/www/sysnetic/supromocion-cotizaciones-backend/index.php(13): CWebApplication->run()
REQUEST_URI=/ordenescomentarios/create/5
in /var/server/www/sysnetic/supromocion-cotizaciones-backend/protected/views/ordenescomentarios/create.php (6)
in /var/server/www/sysnetic/supromocion-cotizaciones-backend/protected/controllers/OrdenescomentariosController.php (85)
in /var/server/www/sysnetic/supromocion-cotizaciones-backend/index.php (13)
2015/08/12 19:02:37 [error] [exception.CException] exception 'CException' with message 'La propiedad "OrdenesComentarios"."idcotizacion" no se encuentra definida.' in /var/server/www/sysnetic/yiicore/framework/base/CComponent.php:130
Stack trace:
#0 /var/server/www/sysnetic/yiicore/framework/db/ar/CActiveRecord.php(145): CComponent->__get('idcotizacion')
#1 /var/server/www/sysnetic/yiicore/framework/base/CComponent.php(612) : eval()'d code(1): CActiveRecord->__get('idcotizacion')
#2 /var/server/www/sysnetic/yiicore/framework/base/CComponent.php(612): eval()
#3 /var/server/www/sysnetic/yiicore/framework/zii/widgets/grid/CButtonColumn.php(342): CComponent->evaluateExpression('$this->grid->co...', Array)
#4 /var/server/www/sysnetic/yiicore/framework/zii/widgets/grid/CButtonColumn.php(321): CButtonColumn->renderButton('pdf', Array, 0, Object(OrdenesComentarios))
#5 /var/server/www/sysnetic/yiicore/framework/zii/widgets/grid/CGridColumn.php(231): CButtonColumn->getDataCellContent(0)
#6 /var/server/www/sysnetic/yiicore/framework/zii/widgets/grid/CGridColumn.php(154): CGridColumn->renderDataCellContent(0, Object(OrdenesComentarios))
#7 /var/server/www/sysnetic/yiicore/framework/zii/widgets/grid/CGridView.php(638): CGridColumn->renderDataCell(0)
#8 /var/server/www/sysnetic/yiicore/framework/zii/widgets/grid/CGridView.php(622): CGridView->renderDataCell(Object(CButtonColumn), 0)
#9 /var/server/www/sysnetic/yiicore/framework/zii/widgets/grid/CGridView.php(578): CGridView->renderTableRow(0)
#10 /var/server/www/sysnetic/yiicore/framework/zii/widgets/grid/CGridView.php(488): CGridView->renderTableBody()
#11 /var/server/www/sysnetic/yiicore/framework/zii/widgets/CBaseListView.php(181): CGridView->renderItems()
#12 [internal function]: CBaseListView->renderSection(Array)
#13 /var/server/www/sysnetic/yiicore/framework/zii/widgets/CBaseListView.php(164): preg_replace_callback('/{(\\w+)}/', Array, '{summary}\n{item...')
#14 /var/server/www/sysnetic/yiicore/framework/zii/widgets/CBaseListView.php(149): CBaseListView->renderContent()
#15 /var/server/www/sysnetic/yiicore/framework/web/CBaseController.php(181): CBaseListView->run()
#16 /var/server/www/sysnetic/supromocion-cotizaciones-backend/protected/views/ordenescomentarios/admin.php(38): CBaseController->widget('zii.widgets.gri...', Array)
#17 /var/server/www/sysnetic/yiicore/framework/web/CBaseController.php(126): require('/var/server/www...')
#18 /var/server/www/sysnetic/yiicore/framework/web/CBaseController.php(95): CBaseController->renderInternal('/var/server/www...', Array, true)
#19 /var/server/www/sysnetic/yiicore/framework/web/CController.php(869): CBaseController->renderFile('/var/server/www...', Array, true)
#20 /var/server/www/sysnetic/yiicore/framework/web/CController.php(782): CController->renderPartial('admin', Array, true)
#21 /var/server/www/sysnetic/supromocion-cotizaciones-backend/protected/controllers/OrdenescomentariosController.php(154): CController->render('admin', Array)
#22 [internal function]: OrdenescomentariosController->actionAdmin('5')
#23 /var/server/www/sysnetic/yiicore/framework/web/actions/CAction.php(109): ReflectionMethod->invokeArgs(Object(OrdenescomentariosController), Array)
#24 /var/server/www/sysnetic/yiicore/framework/web/actions/CInlineAction.php(47): CAction->runWithParamsInternal(Object(OrdenescomentariosController), Object(ReflectionMethod), Array)
#25 /var/server/www/sysnetic/yiicore/framework/web/CController.php(308): CInlineAction->runWithParams(Array)
#26 /var/server/www/sysnetic/yiicore/framework/web/filters/CFilterChain.php(133): CController->runAction(Object(CInlineAction))
#27 /var/server/www/sysnetic/yiicore/framework/web/filters/CFilter.php(40): CFilterChain->run()
#28 /var/server/www/sysnetic/yiicore/framework/web/CController.php(1145): CFilter->filter(Object(CFilterChain))
#29 /var/server/www/sysnetic/yiicore/framework/web/filters/CInlineFilter.php(58): CController->filterAccessControl(Object(CFilterChain))
#30 /var/server/www/sysnetic/yiicore/framework/web/filters/CFilterChain.php(130): CInlineFilter->filter(Object(CFilterChain))
#31 /var/server/www/sysnetic/yiicore/framework/web/CController.php(291): CFilterChain->run()
#32 /var/server/www/sysnetic/yiicore/framework/web/CController.php(265): CController->runActionWithFilters(Object(CInlineAction), Array)
#33 /var/server/www/sysnetic/yiicore/framework/web/CWebApplication.php(282): CController->run('admin')
#34 /var/server/www/sysnetic/yiicore/framework/web/CWebApplication.php(141): CWebApplication->runController('ordenescomentar...')
#35 /var/server/www/sysnetic/yiicore/framework/base/CApplication.php(184): CWebApplication->processRequest()
#36 /var/server/www/sysnetic/supromocion-cotizaciones-backend/index.php(13): CApplication->run()
#37 {main}
REQUEST_URI=/ordenescomentarios/admin/5
HTTP_REFERER=http://supromocion.sysnetic.local/ordenescomentarios/create/5
---
2015/08/12 19:02:59 [error] [exception.CException] exception 'CException' with message 'La propiedad "OrdenesComentarios"."idcotizacion" no se encuentra definida.' in /var/server/www/sysnetic/yiicore/framework/base/CComponent.php:130
Stack trace:
#0 /var/server/www/sysnetic/yiicore/framework/db/ar/CActiveRecord.php(145): CComponent->__get('idcotizacion')
#1 /var/server/www/sysnetic/yiicore/framework/base/CComponent.php(612) : eval()'d code(1): CActiveRecord->__get('idcotizacion')
#2 /var/server/www/sysnetic/yiicore/framework/base/CComponent.php(612): eval()
#3 /var/server/www/sysnetic/yiicore/framework/zii/widgets/grid/CButtonColumn.php(342): CComponent->evaluateExpression('$this->grid->co...', Array)
#4 /var/server/www/sysnetic/yiicore/framework/zii/widgets/grid/CButtonColumn.php(321): CButtonColumn->renderButton('pdf', Array, 0, Object(OrdenesComentarios))
#5 /var/server/www/sysnetic/yiicore/framework/zii/widgets/grid/CGridColumn.php(231): CButtonColumn->getDataCellContent(0)
#6 /var/server/www/sysnetic/yiicore/framework/zii/widgets/grid/CGridColumn.php(154): CGridColumn->renderDataCellContent(0, Object(OrdenesComentarios))
#7 /var/server/www/sysnetic/yiicore/framework/zii/widgets/grid/CGridView.php(638): CGridColumn->renderDataCell(0)
#8 /var/server/www/sysnetic/yiicore/framework/zii/widgets/grid/CGridView.php(622): CGridView->renderDataCell(Object(CButtonColumn), 0)
#9 /var/server/www/sysnetic/yiicore/framework/zii/widgets/grid/CGridView.php(578): CGridView->renderTableRow(0)
#10 /var/server/www/sysnetic/yiicore/framework/zii/widgets/grid/CGridView.php(488): CGridView->renderTableBody()
#11 /var/server/www/sysnetic/yiicore/framework/zii/widgets/CBaseListView.php(181): CGridView->renderItems()
#12 [internal function]: CBaseListView->renderSection(Array)
#13 /var/server/www/sysnetic/yiicore/framework/zii/widgets/CBaseListView.php(164): preg_replace_callback('/{(\\w+)}/', Array, '{summary}\n{item...')
#14 /var/server/www/sysnetic/yiicore/framework/zii/widgets/CBaseListView.php(149): CBaseListView->renderContent()
#15 /var/server/www/sysnetic/yiicore/framework/web/CBaseController.php(181): CBaseListView->run()
#16 /var/server/www/sysnetic/supromocion-cotizaciones-backend/protected/views/ordenescomentarios/admin.php(38): CBaseController->widget('zii.widgets.gri...', Array)
#17 /var/server/www/sysnetic/yiicore/framework/web/CBaseController.php(126): require('/var/server/www...')
#18 /var/server/www/sysnetic/yiicore/framework/web/CBaseController.php(95): CBaseController->renderInternal('/var/server/www...', Array, true)
#19 /var/server/www/sysnetic/yiicore/framework/web/CController.php(869): CBaseController->renderFile('/var/server/www...', Array, true)
#20 /var/server/www/sysnetic/yiicore/framework/web/CController.php(782): CController->renderPartial('admin', Array, true)
#21 /var/server/www/sysnetic/supromocion-cotizaciones-backend/protected/controllers/OrdenescomentariosController.php(154): CController->render('admin', Array)
#22 [internal function]: OrdenescomentariosController->actionAdmin('5')
#23 /var/server/www/sysnetic/yiicore/framework/web/actions/CAction.php(109): ReflectionMethod->invokeArgs(Object(OrdenescomentariosController), Array)
#24 /var/server/www/sysnetic/yiicore/framework/web/actions/CInlineAction.php(47): CAction->runWithParamsInternal(Object(OrdenescomentariosController), Object(ReflectionMethod), Array)
#25 /var/server/www/sysnetic/yiicore/framework/web/CController.php(308): CInlineAction->runWithParams(Array)
#26 /var/server/www/sysnetic/yiicore/framework/web/filters/CFilterChain.php(133): CController->runAction(Object(CInlineAction))
#27 /var/server/www/sysnetic/yiicore/framework/web/filters/CFilter.php(40): CFilterChain->run()
#28 /var/server/www/sysnetic/yiicore/framework/web/CController.php(1145): CFilter->filter(Object(CFilterChain))
#29 /var/server/www/sysnetic/yiicore/framework/web/filters/CInlineFilter.php(58): CController->filterAccessControl(Object(CFilterChain))
#30 /var/server/www/sysnetic/yiicore/framework/web/filters/CFilterChain.php(130): CInlineFilter->filter(Object(CFilterChain))
#31 /var/server/www/sysnetic/yiicore/framework/web/CController.php(291): CFilterChain->run()
#32 /var/server/www/sysnetic/yiicore/framework/web/CController.php(265): CController->runActionWithFilters(Object(CInlineAction), Array)
#33 /var/server/www/sysnetic/yiicore/framework/web/CWebApplication.php(282): CController->run('admin')
#34 /var/server/www/sysnetic/yiicore/framework/web/CWebApplication.php(141): CWebApplication->runController('ordenescomentar...')
#35 /var/server/www/sysnetic/yiicore/framework/base/CApplication.php(184): CWebApplication->processRequest()
#36 /var/server/www/sysnetic/supromocion-cotizaciones-backend/index.php(13): CApplication->run()
#37 {main}
REQUEST_URI=/ordenescomentarios/admin/5
---
2015/08/12 19:04:39 [error] [exception.CHttpException.404] exception 'CHttpException' with message 'No es posible resolver la solicitud "delete/view"' in /var/server/www/sysnetic/yiicore/framework/web/CWebApplication.php:286
Stack trace:
#0 /var/server/www/sysnetic/yiicore/framework/web/CWebApplication.php(141): CWebApplication->runController('delete/view')
#1 /var/server/www/sysnetic/yiicore/framework/base/CApplication.php(184): CWebApplication->processRequest()
#2 /var/server/www/sysnetic/supromocion-cotizaciones-backend/index.php(13): CApplication->run()
#3 {main}
REQUEST_URI=/delete/4?ajax=ordenes-comentarios-grid
HTTP_REFERER=http://supromocion.sysnetic.local/ordenescomentarios/admin/5
---
2015/08/12 19:05:14 [error] [exception.CHttpException.404] exception 'CHttpException' with message 'No es posible resolver la solicitud "delete/view"' in /var/server/www/sysnetic/yiicore/framework/web/CWebApplication.php:286
Stack trace:
#0 /var/server/www/sysnetic/yiicore/framework/web/CWebApplication.php(141): CWebApplication->runController('delete/view')
#1 /var/server/www/sysnetic/yiicore/framework/base/CApplication.php(184): CWebApplication->processRequest()
#2 /var/server/www/sysnetic/supromocion-cotizaciones-backend/index.php(13): CApplication->run()
#3 {main}
REQUEST_URI=/delete/4?ajax=ordenes-comentarios-grid
HTTP_REFERER=http://supromocion.sysnetic.local/ordenescomentarios/admin/5
---
2015/08/12 19:07:08 [error] [exception.CHttpException.404] exception 'CHttpException' with message 'No es posible resolver la solicitud "delete/view"' in /var/server/www/sysnetic/yiicore/framework/web/CWebApplication.php:286
Stack trace:
#0 /var/server/www/sysnetic/yiicore/framework/web/CWebApplication.php(141): CWebApplication->runController('delete/view')
#1 /var/server/www/sysnetic/yiicore/framework/base/CApplication.php(184): CWebApplication->processRequest()
#2 /var/server/www/sysnetic/supromocion-cotizaciones-backend/index.php(13): CApplication->run()
#3 {main}
REQUEST_URI=/delete/4?ajax=ordenes-comentarios-grid
HTTP_REFERER=http://supromocion.sysnetic.local/ordenescomentarios/admin/5
---
